{"/Users/aragaoi/git/context-storage/src/context-storage.ts": {"path":"/Users/aragaoi/git/context-storage/src/context-storage.ts","statementMap":{"0":{"start":{"line":1,"column":0},"end":{"line":1,"column":51}},"1":{"start":{"line":4,"column":10},"end":{"line":4,"column":64}},"2":{"start":{"line":9,"column":4},"end":{"line":9,"column":41}},"3":{"start":{"line":10,"column":4},"end":{"line":10,"column":35}},"4":{"start":{"line":14,"column":4},"end":{"line":14,"column":71}},"5":{"start":{"line":18,"column":4},"end":{"line":18,"column":53}},"6":{"start":{"line":22,"column":20},"end":{"line":22,"column":53}},"7":{"start":{"line":23,"column":4},"end":{"line":27,"column":5}},"8":{"start":{"line":24,"column":6},"end":{"line":26,"column":8}},"9":{"start":{"line":28,"column":4},"end":{"line":28,"column":19}},"10":{"start":{"line":32,"column":20},"end":{"line":32,"column":53}},"11":{"start":{"line":33,"column":4},"end":{"line":37,"column":5}},"12":{"start":{"line":34,"column":6},"end":{"line":36,"column":8}},"13":{"start":{"line":38,"column":4},"end":{"line":38,"column":36}},"14":{"start":{"line":3,"column":0},"end":{"line":3,"column":13}}},"fnMap":{"0":{"name":"(anonymous_0)","decl":{"start":{"line":8,"column":2},"end":{"line":8,"column":14}},"loc":{"start":{"line":8,"column":84},"end":{"line":11,"column":3}}},"1":{"name":"(anonymous_1)","decl":{"start":{"line":13,"column":2},"end":{"line":13,"column":16}},"loc":{"start":{"line":13,"column":37},"end":{"line":15,"column":3}}},"2":{"name":"(anonymous_2)","decl":{"start":{"line":17,"column":2},"end":{"line":17,"column":12}},"loc":{"start":{"line":17,"column":12},"end":{"line":19,"column":3}}},"3":{"name":"(anonymous_3)","decl":{"start":{"line":21,"column":2},"end":{"line":21,"column":19}},"loc":{"start":{"line":21,"column":19},"end":{"line":29,"column":3}}},"4":{"name":"(anonymous_4)","decl":{"start":{"line":31,"column":2},"end":{"line":31,"column":15}},"loc":{"start":{"line":31,"column":42},"end":{"line":39,"column":3}}}},"branchMap":{"0":{"loc":{"start":{"line":8,"column":46},"end":{"line":8,"column":84}},"type":"default-arg","locations":[{"start":{"line":8,"column":68},"end":{"line":8,"column":84}}]},"1":{"loc":{"start":{"line":18,"column":11},"end":{"line":18,"column":52}},"type":"binary-expr","locations":[{"start":{"line":18,"column":11},"end":{"line":18,"column":44}},{"start":{"line":18,"column":48},"end":{"line":18,"column":52}}]},"2":{"loc":{"start":{"line":23,"column":4},"end":{"line":27,"column":5}},"type":"if","locations":[{"start":{"line":23,"column":4},"end":{"line":27,"column":5}},{"start":{},"end":{}}]},"3":{"loc":{"start":{"line":33,"column":4},"end":{"line":37,"column":5}},"type":"if","locations":[{"start":{"line":33,"column":4},"end":{"line":37,"column":5}},{"start":{},"end":{}}]}},"s":{"0":3,"1":18,"2":18,"3":18,"4":14,"5":15,"6":3,"7":3,"8":2,"9":1,"10":8,"11":8,"12":2,"13":6,"14":3},"f":{"0":18,"1":14,"2":15,"3":3,"4":8},"b":{"0":[2],"1":[15,1],"2":[2,1],"3":[2,6]}}
,"/Users/aragaoi/git/context-storage/src/index.ts": {"path":"/Users/aragaoi/git/context-storage/src/index.ts","statementMap":{"0":{"start":{"line":1,"column":0},"end":{"line":1,"column":9}},"1":{"start":{"line":1,"column":9},"end":{"line":1,"column":51}},"2":{"start":{"line":2,"column":0},"end":{"line":2,"column":null}},"3":{"start":{"line":4,"column":2},"end":{"line":4,"column":null}},"4":{"start":{"line":5,"column":2},"end":{"line":5,"column":null}},"5":{"start":{"line":6,"column":2},"end":{"line":6,"column":null}}},"fnMap":{"0":{"name":"(anonymous_0)","decl":{"start":{"line":1,"column":9},"end":{"line":1,"column":23}},"loc":{"start":{"line":1,"column":9},"end":{"line":1,"column":51}}},"1":{"name":"(anonymous_1)","decl":{"start":{"line":4,"column":2},"end":{"line":4,"column":22}},"loc":{"start":{"line":4,"column":2},"end":{"line":4,"column":null}}},"2":{"name":"(anonymous_2)","decl":{"start":{"line":5,"column":2},"end":{"line":5,"column":23}},"loc":{"start":{"line":5,"column":2},"end":{"line":5,"column":null}}},"3":{"name":"(anonymous_3)","decl":{"start":{"line":6,"column":2},"end":{"line":6,"column":16}},"loc":{"start":{"line":6,"column":2},"end":{"line":6,"column":null}}}},"branchMap":{},"s":{"0":1,"1":4,"2":1,"3":4,"4":4,"5":2},"f":{"0":3,"1":3,"2":3,"3":1},"b":{}}
,"/Users/aragaoi/git/context-storage/src/request-context.ts": {"path":"/Users/aragaoi/git/context-storage/src/request-context.ts","statementMap":{"0":{"start":{"line":1,"column":0},"end":{"line":1,"column":34}},"1":{"start":{"line":2,"column":0},"end":{"line":2,"column":49}},"2":{"start":{"line":15,"column":36},"end":{"line":22,"column":1}},"3":{"start":{"line":16,"column":14},"end":{"line":16,"column":24}},"4":{"start":{"line":17,"column":2},"end":{"line":21,"column":4}},"5":{"start":{"line":15,"column":13},"end":{"line":15,"column":36}},"6":{"start":{"line":24,"column":13},"end":{"line":27,"column":2}},"7":{"start":{"line":29,"column":13},"end":{"line":29,"column":52}}},"fnMap":{"0":{"name":"(anonymous_0)","decl":{"start":{"line":15,"column":36},"end":{"line":15,"column":55}},"loc":{"start":{"line":15,"column":57},"end":{"line":22,"column":1}}}},"branchMap":{},"s":{"0":2,"1":2,"2":2,"3":11,"4":11,"5":2,"6":2,"7":2},"f":{"0":11},"b":{}}
}
