TN:
SF:src/context-storage.ts
FN:8,(anonymous_0)
FN:13,(anonymous_1)
FN:17,(anonymous_2)
FN:21,(anonymous_3)
FN:31,(anonymous_4)
FNF:5
FNH:5
FNDA:18,(anonymous_0)
FNDA:14,(anonymous_1)
FNDA:15,(anonymous_2)
FNDA:3,(anonymous_3)
FNDA:8,(anonymous_4)
DA:1,3
DA:3,3
DA:4,18
DA:9,18
DA:10,18
DA:14,14
DA:18,15
DA:22,3
DA:23,3
DA:24,2
DA:28,1
DA:32,8
DA:33,8
DA:34,2
DA:38,6
LF:15
LH:15
BRDA:8,0,0,2
BRDA:18,1,0,15
BRDA:18,1,1,1
BRDA:23,2,0,2
BRDA:23,2,1,1
BRDA:33,3,0,2
BRDA:33,3,1,6
BRF:7
BRH:7
end_of_record
TN:
SF:src/index.ts
FN:1,(anonymous_0)
FN:4,(anonymous_1)
FN:5,(anonymous_2)
FN:6,(anonymous_3)
FNF:4
FNH:4
FNDA:3,(anonymous_0)
FNDA:3,(anonymous_1)
FNDA:3,(anonymous_2)
FNDA:1,(anonymous_3)
DA:1,4
DA:2,1
DA:4,4
DA:5,4
DA:6,2
LF:5
LH:5
BRF:0
BRH:0
end_of_record
TN:
SF:src/request-context.ts
FN:15,(anonymous_0)
FNF:1
FNH:1
FNDA:11,(anonymous_0)
DA:1,2
DA:2,2
DA:15,2
DA:16,11
DA:17,11
DA:24,2
DA:29,2
LF:7
LH:7
BRF:0
BRH:0
end_of_record
